TN:
SF:interactors\product\productInteractor.ts
FN:8,ProductInteractors
FN:12,createProduct
FN:22,getProduct
FN:26,getProductById
FN:30,updateStock
FNF:5
FNH:4
FNDA:7,ProductInteractors
FNDA:2,createProduct
FNDA:0,getProduct
FNDA:2,getProductById
FNDA:3,updateStock
DA:1,1
DA:2,1
DA:3,1
DA:4,1
DA:5,1
DA:6,1
DA:7,1
DA:8,1
DA:9,7
DA:10,7
DA:11,1
DA:12,1
DA:13,2
DA:14,2
DA:15,2
DA:16,2
DA:17,2
DA:18,2
DA:19,2
DA:20,2
DA:21,1
DA:22,1
DA:23,0
DA:24,0
DA:25,1
DA:26,1
DA:27,2
DA:28,2
DA:29,1
DA:30,1
DA:31,3
DA:32,1
DA:33,1
DA:34,2
DA:35,2
DA:36,3
DA:37,1
DA:38,1
DA:39,1
DA:40,1
DA:41,1
DA:42,1
DA:43,1
LF:43
LH:41
BRDA:8,0,0,7
BRDA:12,1,0,2
BRDA:26,2,0,2
BRDA:30,3,0,3
BRDA:31,4,0,1
BRDA:34,5,0,2
BRDA:36,6,0,1
BRF:7
BRH:7
end_of_record
